<?xml version="1.0" encoding="UTF-8"?>
<testng-results ignored="0" total="5" passed="5" failed="0" skipped="0">
  <reporter-output>
  </reporter-output>
  <suite started-at="2022-06-27T06:55:22Z" name="Suite" finished-at="2022-06-27T07:00:56Z" duration-ms="333960">
    <groups>
      <group name="cucumber">
        <method signature="AbstractTestNGCucumberTests.runScenario(io.cucumber.testng.PickleWrapper, io.cucumber.testng.FeatureWrapper)[pri:0, instance:org.testrunner.com.LoginRunner@95bb2a2]" name="runScenario" class="io.cucumber.testng.AbstractTestNGCucumberTests"/>
        <method signature="AbstractTestNGCucumberTests.runScenario(io.cucumber.testng.PickleWrapper, io.cucumber.testng.FeatureWrapper)[pri:0, instance:org.testrunner.com.Jhomepagerunner@10bd9df0]" name="runScenario" class="io.cucumber.testng.AbstractTestNGCucumberTests"/>
        <method signature="AbstractTestNGCucumberTests.runScenario(io.cucumber.testng.PickleWrapper, io.cucumber.testng.FeatureWrapper)[pri:0, instance:org.testrunner.com.createrunner@3d6a6bee]" name="runScenario" class="io.cucumber.testng.AbstractTestNGCucumberTests"/>
        <method signature="AbstractTestNGCucumberTests.runScenario(io.cucumber.testng.PickleWrapper, io.cucumber.testng.FeatureWrapper)[pri:0, instance:org.testrunner.com.newcalendarrunner@4b2e3e8f]" name="runScenario" class="io.cucumber.testng.AbstractTestNGCucumberTests"/>
        <method signature="AbstractTestNGCucumberTests.runScenario(io.cucumber.testng.PickleWrapper, io.cucumber.testng.FeatureWrapper)[pri:0, instance:org.testrunner.com.logoutrunner@11d4dbd6]" name="runScenario" class="io.cucumber.testng.AbstractTestNGCucumberTests"/>
      </group> <!-- cucumber -->
    </groups>
    <test started-at="2022-06-27T06:55:22Z" name="Test1" finished-at="2022-06-27T06:55:56Z" duration-ms="34170">
      <class name="org.testrunner.com.LoginRunner">
        <test-method is-config="true" signature="setUpClass()[pri:0, instance:org.testrunner.com.LoginRunner@95bb2a2]" started-at="2022-06-27T06:55:22Z" name="setUpClass" finished-at="2022-06-27T06:55:23Z" duration-ms="629" status="PASS">
          <reporter-output>
          </reporter-output>
        </test-method> <!-- setUpClass -->
        <test-method signature="runScenario(io.cucumber.testng.PickleWrapper, io.cucumber.testng.FeatureWrapper)[pri:0, instance:org.testrunner.com.LoginRunner@95bb2a2]" started-at="2022-06-27T06:55:23Z" name="runScenario" description="Runs Cucumber Scenarios" data-provider="scenarios" finished-at="2022-06-27T06:55:56Z" duration-ms="33169" status="PASS">
          <params>
            <param index="0">
              <value>
                <![CDATA[""]]>
              </value>
            </param>
            <param index="1">
              <value>
                <![CDATA["Verifying the Login functionality of FreeCRM website"]]>
              </value>
            </param>
          </params>
          <reporter-output>
          </reporter-output>
        </test-method> <!-- runScenario -->
        <test-method is-config="true" signature="tearDownClass()[pri:0, instance:org.testrunner.com.LoginRunner@95bb2a2]" started-at="2022-06-27T06:55:56Z" name="tearDownClass" finished-at="2022-06-27T06:55:56Z" duration-ms="214" status="PASS">
          <reporter-output>
          </reporter-output>
        </test-method> <!-- tearDownClass -->
      </class> <!-- org.testrunner.com.LoginRunner -->
    </test> <!-- Test1 -->
    <test started-at="2022-06-27T06:55:56Z" name="Test2" finished-at="2022-06-27T06:56:48Z" duration-ms="51554">
      <class name="org.testrunner.com.Jhomepagerunner">
        <test-method is-config="true" signature="setUpClass()[pri:0, instance:org.testrunner.com.Jhomepagerunner@10bd9df0]" started-at="2022-06-27T06:55:56Z" name="setUpClass" finished-at="2022-06-27T06:55:56Z" duration-ms="11" status="PASS">
          <reporter-output>
          </reporter-output>
        </test-method> <!-- setUpClass -->
        <test-method signature="runScenario(io.cucumber.testng.PickleWrapper, io.cucumber.testng.FeatureWrapper)[pri:0, instance:org.testrunner.com.Jhomepagerunner@10bd9df0]" started-at="2022-06-27T06:55:56Z" name="runScenario" description="Runs Cucumber Scenarios" data-provider="scenarios" finished-at="2022-06-27T06:56:48Z" duration-ms="51517" status="PASS">
          <params>
            <param index="0">
              <value>
                <![CDATA["Checking Calendar Functionality"]]>
              </value>
            </param>
            <param index="1">
              <value>
                <![CDATA["Verifying the Login functionality of FreeCRM website"]]>
              </value>
            </param>
          </params>
          <reporter-output>
          </reporter-output>
        </test-method> <!-- runScenario -->
        <test-method is-config="true" signature="tearDownClass()[pri:0, instance:org.testrunner.com.Jhomepagerunner@10bd9df0]" started-at="2022-06-27T06:56:48Z" name="tearDownClass" finished-at="2022-06-27T06:56:48Z" duration-ms="23" status="PASS">
          <reporter-output>
          </reporter-output>
        </test-method> <!-- tearDownClass -->
      </class> <!-- org.testrunner.com.Jhomepagerunner -->
    </test> <!-- Test2 -->
    <test started-at="2022-06-27T06:56:48Z" name="Test3" finished-at="2022-06-27T06:58:38Z" duration-ms="110377">
      <class name="org.testrunner.com.createrunner">
        <test-method is-config="true" signature="setUpClass()[pri:0, instance:org.testrunner.com.createrunner@3d6a6bee]" started-at="2022-06-27T06:56:48Z" name="setUpClass" finished-at="2022-06-27T06:56:48Z" duration-ms="7" status="PASS">
          <reporter-output>
          </reporter-output>
        </test-method> <!-- setUpClass -->
        <test-method signature="runScenario(io.cucumber.testng.PickleWrapper, io.cucumber.testng.FeatureWrapper)[pri:0, instance:org.testrunner.com.createrunner@3d6a6bee]" started-at="2022-06-27T06:56:48Z" name="runScenario" description="Runs Cucumber Scenarios" data-provider="scenarios" finished-at="2022-06-27T06:58:38Z" duration-ms="110333" status="PASS">
          <params>
            <param index="0">
              <value>
                <![CDATA[""]]>
              </value>
            </param>
            <param index="1">
              <value>
                <![CDATA["Verifying the Login functionality of FreeCRM website"]]>
              </value>
            </param>
          </params>
          <reporter-output>
          </reporter-output>
        </test-method> <!-- runScenario -->
        <test-method is-config="true" signature="tearDownClass()[pri:0, instance:org.testrunner.com.createrunner@3d6a6bee]" started-at="2022-06-27T06:58:38Z" name="tearDownClass" finished-at="2022-06-27T06:58:38Z" duration-ms="34" status="PASS">
          <reporter-output>
          </reporter-output>
        </test-method> <!-- tearDownClass -->
      </class> <!-- org.testrunner.com.createrunner -->
    </test> <!-- Test3 -->
    <test started-at="2022-06-27T06:58:38Z" name="Test4" finished-at="2022-06-27T07:00:01Z" duration-ms="82664">
      <class name="org.testrunner.com.newcalendarrunner">
        <test-method is-config="true" signature="setUpClass()[pri:0, instance:org.testrunner.com.newcalendarrunner@4b2e3e8f]" started-at="2022-06-27T06:58:38Z" name="setUpClass" finished-at="2022-06-27T06:58:38Z" duration-ms="8" status="PASS">
          <reporter-output>
          </reporter-output>
        </test-method> <!-- setUpClass -->
        <test-method signature="runScenario(io.cucumber.testng.PickleWrapper, io.cucumber.testng.FeatureWrapper)[pri:0, instance:org.testrunner.com.newcalendarrunner@4b2e3e8f]" started-at="2022-06-27T06:58:38Z" name="runScenario" description="Runs Cucumber Scenarios" data-provider="scenarios" finished-at="2022-06-27T07:00:01Z" duration-ms="82610" status="PASS">
          <params>
            <param index="0">
              <value>
                <![CDATA[""]]>
              </value>
            </param>
            <param index="1">
              <value>
                <![CDATA["Verifying the Login functionality of FreeCRM website"]]>
              </value>
            </param>
          </params>
          <reporter-output>
          </reporter-output>
        </test-method> <!-- runScenario -->
        <test-method is-config="true" signature="tearDownClass()[pri:0, instance:org.testrunner.com.newcalendarrunner@4b2e3e8f]" started-at="2022-06-27T07:00:01Z" name="tearDownClass" finished-at="2022-06-27T07:00:01Z" duration-ms="30" status="PASS">
          <reporter-output>
          </reporter-output>
        </test-method> <!-- tearDownClass -->
      </class> <!-- org.testrunner.com.newcalendarrunner -->
    </test> <!-- Test4 -->
    <test started-at="2022-06-27T07:00:01Z" name="Test5" finished-at="2022-06-27T07:00:56Z" duration-ms="55137">
      <class name="org.testrunner.com.logoutrunner">
        <test-method is-config="true" signature="setUpClass()[pri:0, instance:org.testrunner.com.logoutrunner@11d4dbd6]" started-at="2022-06-27T07:00:01Z" name="setUpClass" finished-at="2022-06-27T07:00:01Z" duration-ms="4" status="PASS">
          <reporter-output>
          </reporter-output>
        </test-method> <!-- setUpClass -->
        <test-method signature="runScenario(io.cucumber.testng.PickleWrapper, io.cucumber.testng.FeatureWrapper)[pri:0, instance:org.testrunner.com.logoutrunner@11d4dbd6]" started-at="2022-06-27T07:00:01Z" name="runScenario" description="Runs Cucumber Scenarios" data-provider="scenarios" finished-at="2022-06-27T07:00:56Z" duration-ms="55112" status="PASS">
          <params>
            <param index="0">
              <value>
                <![CDATA[""]]>
              </value>
            </param>
            <param index="1">
              <value>
                <![CDATA["Verifying the Login functionality of FreeCRM website"]]>
              </value>
            </param>
          </params>
          <reporter-output>
          </reporter-output>
        </test-method> <!-- runScenario -->
        <test-method is-config="true" signature="tearDownClass()[pri:0, instance:org.testrunner.com.logoutrunner@11d4dbd6]" started-at="2022-06-27T07:00:56Z" name="tearDownClass" finished-at="2022-06-27T07:00:56Z" duration-ms="19" status="PASS">
          <reporter-output>
          </reporter-output>
        </test-method> <!-- tearDownClass -->
      </class> <!-- org.testrunner.com.logoutrunner -->
    </test> <!-- Test5 -->
  </suite> <!-- Suite -->
</testng-results>
