<?xml version="1.0" encoding="UTF-8"?>
<testsuite xmlns:xsi="http://www.w3.org/2001/XMLSchema-instance" xsi:noNamespaceSchemaLocation="https://maven.apache.org/surefire/maven-surefire-plugin/xsd/surefire-test-report.xsd" name="TestSuite" time="336.087" tests="5" errors="0" skipped="0" failures="0">
  <properties>
[...]
</properties>
  <testcase name="runScenario" classname="org.testrunner.com.LoginRunner" time="33.169"/>
  <testcase name="runScenario" classname="org.testrunner.com.Jhomepagerunner" time="51.517"/>
  <testcase name="runScenario" classname="org.testrunner.com.createrunner" time="110.334"/>
  <testcase name="runScenario" classname="org.testrunner.com.newcalendarrunner" time="82.611"/>
  <testcase name="runScenario" classname="org.testrunner.com.logoutrunner" time="55.112"/>
</testsuite>