<?xml version="1.0" encoding="UTF-8"?>
<testng-results ignored="0" total="5" passed="5" failed="0" skipped="0">
  <reporter-output>
  </reporter-output>
  <suite started-at="2022-06-27T06:32:49Z" name="Suite" finished-at="2022-06-27T06:38:30Z" duration-ms="341354">
    <groups>
      <group name="cucumber">
        <method signature="AbstractTestNGCucumberTests.runScenario(io.cucumber.testng.PickleWrapper, io.cucumber.testng.FeatureWrapper)[pri:0, instance:org.testrunner.com.LoginRunner@68e7c8c3]" name="runScenario" class="io.cucumber.testng.AbstractTestNGCucumberTests"/>
        <method signature="AbstractTestNGCucumberTests.runScenario(io.cucumber.testng.PickleWrapper, io.cucumber.testng.FeatureWrapper)[pri:0, instance:org.testrunner.com.Jhomepagerunner@44c13103]" name="runScenario" class="io.cucumber.testng.AbstractTestNGCucumberTests"/>
        <method signature="AbstractTestNGCucumberTests.runScenario(io.cucumber.testng.PickleWrapper, io.cucumber.testng.FeatureWrapper)[pri:0, instance:org.testrunner.com.createrunner@19962194]" name="runScenario" class="io.cucumber.testng.AbstractTestNGCucumberTests"/>
        <method signature="AbstractTestNGCucumberTests.runScenario(io.cucumber.testng.PickleWrapper, io.cucumber.testng.FeatureWrapper)[pri:0, instance:org.testrunner.com.newcalendarrunner@383864d5]" name="runScenario" class="io.cucumber.testng.AbstractTestNGCucumberTests"/>
        <method signature="AbstractTestNGCucumberTests.runScenario(io.cucumber.testng.PickleWrapper, io.cucumber.testng.FeatureWrapper)[pri:0, instance:org.testrunner.com.logoutrunner@7efe7b87]" name="runScenario" class="io.cucumber.testng.AbstractTestNGCucumberTests"/>
      </group> <!-- cucumber -->
    </groups>
    <test started-at="2022-06-27T06:32:49Z" name="Test1" finished-at="2022-06-27T06:33:22Z" duration-ms="33197">
      <class name="org.testrunner.com.LoginRunner">
        <test-method is-config="true" signature="setUpClass()[pri:0, instance:org.testrunner.com.LoginRunner@68e7c8c3]" started-at="2022-06-27T06:32:49Z" name="setUpClass" finished-at="2022-06-27T06:32:49Z" duration-ms="538" status="PASS">
          <reporter-output>
          </reporter-output>
        </test-method> <!-- setUpClass -->
        <test-method signature="runScenario(io.cucumber.testng.PickleWrapper, io.cucumber.testng.FeatureWrapper)[pri:0, instance:org.testrunner.com.LoginRunner@68e7c8c3]" started-at="2022-06-27T06:32:49Z" name="runScenario" description="Runs Cucumber Scenarios" data-provider="scenarios" finished-at="2022-06-27T06:33:22Z" duration-ms="32393" status="PASS">
          <params>
            <param index="0">
              <value>
                <![CDATA[""]]>
              </value>
            </param>
            <param index="1">
              <value>
                <![CDATA["Verifying the Login functionality of FreeCRM website"]]>
              </value>
            </param>
          </params>
          <reporter-output>
          </reporter-output>
        </test-method> <!-- runScenario -->
        <test-method is-config="true" signature="tearDownClass()[pri:0, instance:org.testrunner.com.LoginRunner@68e7c8c3]" started-at="2022-06-27T06:33:22Z" name="tearDownClass" finished-at="2022-06-27T06:33:22Z" duration-ms="117" status="PASS">
          <reporter-output>
          </reporter-output>
        </test-method> <!-- tearDownClass -->
      </class> <!-- org.testrunner.com.LoginRunner -->
    </test> <!-- Test1 -->
    <test started-at="2022-06-27T06:33:22Z" name="Test2" finished-at="2022-06-27T06:34:25Z" duration-ms="62537">
      <class name="org.testrunner.com.Jhomepagerunner">
        <test-method is-config="true" signature="setUpClass()[pri:0, instance:org.testrunner.com.Jhomepagerunner@44c13103]" started-at="2022-06-27T06:33:22Z" name="setUpClass" finished-at="2022-06-27T06:33:22Z" duration-ms="6" status="PASS">
          <reporter-output>
          </reporter-output>
        </test-method> <!-- setUpClass -->
        <test-method signature="runScenario(io.cucumber.testng.PickleWrapper, io.cucumber.testng.FeatureWrapper)[pri:0, instance:org.testrunner.com.Jhomepagerunner@44c13103]" started-at="2022-06-27T06:33:22Z" name="runScenario" description="Runs Cucumber Scenarios" data-provider="scenarios" finished-at="2022-06-27T06:34:25Z" duration-ms="62502" status="PASS">
          <params>
            <param index="0">
              <value>
                <![CDATA["Checking Calendar Functionality"]]>
              </value>
            </param>
            <param index="1">
              <value>
                <![CDATA["Verifying the Login functionality of FreeCRM website"]]>
              </value>
            </param>
          </params>
          <reporter-output>
          </reporter-output>
        </test-method> <!-- runScenario -->
        <test-method is-config="true" signature="tearDownClass()[pri:0, instance:org.testrunner.com.Jhomepagerunner@44c13103]" started-at="2022-06-27T06:34:25Z" name="tearDownClass" finished-at="2022-06-27T06:34:25Z" duration-ms="24" status="PASS">
          <reporter-output>
          </reporter-output>
        </test-method> <!-- tearDownClass -->
      </class> <!-- org.testrunner.com.Jhomepagerunner -->
    </test> <!-- Test2 -->
    <test started-at="2022-06-27T06:34:25Z" name="Test3" finished-at="2022-06-27T06:36:15Z" duration-ms="110276">
      <class name="org.testrunner.com.createrunner">
        <test-method is-config="true" signature="setUpClass()[pri:0, instance:org.testrunner.com.createrunner@19962194]" started-at="2022-06-27T06:34:25Z" name="setUpClass" finished-at="2022-06-27T06:34:25Z" duration-ms="10" status="PASS">
          <reporter-output>
          </reporter-output>
        </test-method> <!-- setUpClass -->
        <test-method signature="runScenario(io.cucumber.testng.PickleWrapper, io.cucumber.testng.FeatureWrapper)[pri:0, instance:org.testrunner.com.createrunner@19962194]" started-at="2022-06-27T06:34:25Z" name="runScenario" description="Runs Cucumber Scenarios" data-provider="scenarios" finished-at="2022-06-27T06:36:15Z" duration-ms="110225" status="PASS">
          <params>
            <param index="0">
              <value>
                <![CDATA[""]]>
              </value>
            </param>
            <param index="1">
              <value>
                <![CDATA["Verifying the Login functionality of FreeCRM website"]]>
              </value>
            </param>
          </params>
          <reporter-output>
          </reporter-output>
        </test-method> <!-- runScenario -->
        <test-method is-config="true" signature="tearDownClass()[pri:0, instance:org.testrunner.com.createrunner@19962194]" started-at="2022-06-27T06:36:15Z" name="tearDownClass" finished-at="2022-06-27T06:36:15Z" duration-ms="39" status="PASS">
          <reporter-output>
          </reporter-output>
        </test-method> <!-- tearDownClass -->
      </class> <!-- org.testrunner.com.createrunner -->
    </test> <!-- Test3 -->
    <test started-at="2022-06-27T06:36:15Z" name="Test4" finished-at="2022-06-27T06:37:36Z" duration-ms="81098">
      <class name="org.testrunner.com.newcalendarrunner">
        <test-method is-config="true" signature="setUpClass()[pri:0, instance:org.testrunner.com.newcalendarrunner@383864d5]" started-at="2022-06-27T06:36:15Z" name="setUpClass" finished-at="2022-06-27T06:36:15Z" duration-ms="6" status="PASS">
          <reporter-output>
          </reporter-output>
        </test-method> <!-- setUpClass -->
        <test-method signature="runScenario(io.cucumber.testng.PickleWrapper, io.cucumber.testng.FeatureWrapper)[pri:0, instance:org.testrunner.com.newcalendarrunner@383864d5]" started-at="2022-06-27T06:36:15Z" name="runScenario" description="Runs Cucumber Scenarios" data-provider="scenarios" finished-at="2022-06-27T06:37:36Z" duration-ms="81045" status="PASS">
          <params>
            <param index="0">
              <value>
                <![CDATA[""]]>
              </value>
            </param>
            <param index="1">
              <value>
                <![CDATA["Verifying the Login functionality of FreeCRM website"]]>
              </value>
            </param>
          </params>
          <reporter-output>
          </reporter-output>
        </test-method> <!-- runScenario -->
        <test-method is-config="true" signature="tearDownClass()[pri:0, instance:org.testrunner.com.newcalendarrunner@383864d5]" started-at="2022-06-27T06:37:36Z" name="tearDownClass" finished-at="2022-06-27T06:37:36Z" duration-ms="30" status="PASS">
          <reporter-output>
          </reporter-output>
        </test-method> <!-- tearDownClass -->
      </class> <!-- org.testrunner.com.newcalendarrunner -->
    </test> <!-- Test4 -->
    <test started-at="2022-06-27T06:37:36Z" name="Test5" finished-at="2022-06-27T06:38:30Z" duration-ms="54185">
      <class name="org.testrunner.com.logoutrunner">
        <test-method is-config="true" signature="setUpClass()[pri:0, instance:org.testrunner.com.logoutrunner@7efe7b87]" started-at="2022-06-27T06:37:36Z" name="setUpClass" finished-at="2022-06-27T06:37:36Z" duration-ms="4" status="PASS">
          <reporter-output>
          </reporter-output>
        </test-method> <!-- setUpClass -->
        <test-method signature="runScenario(io.cucumber.testng.PickleWrapper, io.cucumber.testng.FeatureWrapper)[pri:0, instance:org.testrunner.com.logoutrunner@7efe7b87]" started-at="2022-06-27T06:37:36Z" name="runScenario" description="Runs Cucumber Scenarios" data-provider="scenarios" finished-at="2022-06-27T06:38:30Z" duration-ms="54159" status="PASS">
          <params>
            <param index="0">
              <value>
                <![CDATA[""]]>
              </value>
            </param>
            <param index="1">
              <value>
                <![CDATA["Verifying the Login functionality of FreeCRM website"]]>
              </value>
            </param>
          </params>
          <reporter-output>
          </reporter-output>
        </test-method> <!-- runScenario -->
        <test-method is-config="true" signature="tearDownClass()[pri:0, instance:org.testrunner.com.logoutrunner@7efe7b87]" started-at="2022-06-27T06:38:30Z" name="tearDownClass" finished-at="2022-06-27T06:38:30Z" duration-ms="19" status="PASS">
          <reporter-output>
          </reporter-output>
        </test-method> <!-- tearDownClass -->
      </class> <!-- org.testrunner.com.logoutrunner -->
    </test> <!-- Test5 -->
  </suite> <!-- Suite -->
</testng-results>
